<?xml version="1.0" encoding="UTF-8"?>
<testng-results skipped="0" failed="0" ignored="0" total="1" passed="1">
  <reporter-output>
  </reporter-output>
  <suite name="Default suite" duration-ms="15251" started-at="2022-06-29T16:21:16 CDT" finished-at="2022-06-29T16:21:31 CDT">
    <groups>
    </groups>
    <test name="Default test" duration-ms="15251" started-at="2022-06-29T16:21:16 CDT" finished-at="2022-06-29T16:21:31 CDT">
      <class name="categoryAssignment.Drop_Down_Month">
        <test-method status="PASS" signature="init()[pri:0, instance:categoryAssignment.Drop_Down_Month@4d41cee]" name="init" is-config="true" duration-ms="6046" started-at="2022-06-29T16:21:16 CDT" finished-at="2022-06-29T16:21:22 CDT">
          <reporter-output>
          </reporter-output>
        </test-method> <!-- init -->
        <test-method status="PASS" signature="addCategory()[pri:0, instance:categoryAssignment.Drop_Down_Month@4d41cee]" name="addCategory" duration-ms="4402" started-at="2022-06-29T16:21:22 CDT" finished-at="2022-06-29T16:21:27 CDT">
          <reporter-output>
          </reporter-output>
        </test-method> <!-- addCategory -->
        <test-method status="PASS" signature="tearDown()[pri:0, instance:categoryAssignment.Drop_Down_Month@4d41cee]" name="tearDown" is-config="true" duration-ms="4738" started-at="2022-06-29T16:21:27 CDT" finished-at="2022-06-29T16:21:31 CDT">
          <reporter-output>
          </reporter-output>
        </test-method> <!-- tearDown -->
      </class> <!-- categoryAssignment.Drop_Down_Month -->
    </test> <!-- Default test -->
  </suite> <!-- Default suite -->
</testng-results>
